INFO [2026-03-06 23:16:42] $x
INFO [2026-03-06 23:16:42] list(E9.5 = deg_E9_5, E11.5 = deg_E11_5, E13.5 = deg_E13_5)
INFO [2026-03-06 23:16:42] 
INFO [2026-03-06 23:16:42] $filename
INFO [2026-03-06 23:16:42] NULL
INFO [2026-03-06 23:16:42] 
INFO [2026-03-06 23:16:42] $fill
INFO [2026-03-06 23:16:42] c("skyblue", "pink", "lightgreen")
INFO [2026-03-06 23:16:42] 
INFO [2026-03-06 23:16:42] $alpha
INFO [2026-03-06 23:16:42] [1] 0.5
INFO [2026-03-06 23:16:42] 
INFO [2026-03-06 23:16:42] $fontfamily
INFO [2026-03-06 23:16:42] [1] "sans"
INFO [2026-03-06 23:16:42] 
INFO [2026-03-06 23:16:42] $cex
INFO [2026-03-06 23:16:42] [1] 1.5
INFO [2026-03-06 23:16:42] 
INFO [2026-03-06 23:16:42] $cat.fontfamily
INFO [2026-03-06 23:16:42] [1] "sans"
INFO [2026-03-06 23:16:42] 
INFO [2026-03-06 23:16:42] $cat.cex
INFO [2026-03-06 23:16:42] [1] 1.5
INFO [2026-03-06 23:16:42] 
INFO [2026-03-06 23:16:42] $cat.col
INFO [2026-03-06 23:16:42] [1] "black"
INFO [2026-03-06 23:16:42] 
